This is pdfTeX, Version 3.14159265-2.6-1.40.20 (TeX Live 2019) (preloaded format=pdflatex 2020.3.10)  3 APR 2020 12:33
entering extended mode
 restricted \write18 enabled.
 file:line:error style messages enabled.
 %&-line parsing enabled.
**Untitled.tex
(./Untitled.tex
LaTeX2e <2018-12-01>
(/usr/local/texlive/2019/texmf-dist/tex/latex/base/article.cls
Document Class: article 2018/09/03 v1.4i Standard LaTeX document class
(/usr/local/texlive/2019/texmf-dist/tex/latex/base/size10.clo
File: size10.clo 2018/09/03 v1.4i Standard LaTeX file (size option)
)
\c@part=\count80
\c@section=\count81
\c@subsection=\count82
\c@subsubsection=\count83
\c@paragraph=\count84
\c@subparagraph=\count85
\c@figure=\count86
\c@table=\count87
\abovecaptionskip=\skip41
\belowcaptionskip=\skip42
\bibindent=\dimen102
)
(/usr/local/texlive/2019/texmf-dist/tex/latex/xwatermark/xwatermark.sty
(/usr/local/texlive/2019/texmf-dist/tex/latex/catoptions/catoptions.sty
\m@one=\count88
\z@pt=\dimen103
Package: catoptions 2014/08/29 v0.2.7h Securing catcodes and parsing options (A
M)
\cpt@csvdepth=\count89
\cpt@optdepth=\count90
\cpt@cnta=\count91
\indrisdepth=\count92
\cpt@foreachdepth=\count93
\cpt@exprcnt=\count94
)
Package: xwatermark 2012/10/23 v1.5.2d A dynamic watermarking scheme (Ahmed Mus
a)

(/usr/local/texlive/2019/texmf-dist/tex/latex/base/fix-cm.sty
Package: fix-cm 2015/01/14 v1.1t fixes to LaTeX

(/usr/local/texlive/2019/texmf-dist/tex/latex/base/ts1enc.def
File: ts1enc.def 2001/06/05 v3.0e (jk/car/fm) Standard LaTeX file
Now handling font encoding TS1 ...
... processing UTF-8 mapping file for font encoding TS1

(/usr/local/texlive/2019/texmf-dist/tex/latex/base/ts1enc.dfu
File: ts1enc.dfu 2018/10/05 v1.2f UTF-8 support for inputenc
   defining Unicode char U+00A2 (decimal 162)
   defining Unicode char U+00A3 (decimal 163)
   defining Unicode char U+00A4 (decimal 164)
   defining Unicode char U+00A5 (decimal 165)
   defining Unicode char U+00A6 (decimal 166)
   defining Unicode char U+00A7 (decimal 167)
   defining Unicode char U+00A8 (decimal 168)
   defining Unicode char U+00A9 (decimal 169)
   defining Unicode char U+00AA (decimal 170)
   defining Unicode char U+00AC (decimal 172)
   defining Unicode char U+00AE (decimal 174)
   defining Unicode char U+00AF (decimal 175)
   defining Unicode char U+00B0 (decimal 176)
   defining Unicode char U+00B1 (decimal 177)
   defining Unicode char U+00B2 (decimal 178)
   defining Unicode char U+00B3 (decimal 179)
   defining Unicode char U+00B4 (decimal 180)
   defining Unicode char U+00B5 (decimal 181)
   defining Unicode char U+00B6 (decimal 182)
   defining Unicode char U+00B7 (decimal 183)
   defining Unicode char U+00B9 (decimal 185)
   defining Unicode char U+00BA (decimal 186)
   defining Unicode char U+00BC (decimal 188)
   defining Unicode char U+00BD (decimal 189)
   defining Unicode char U+00BE (decimal 190)
   defining Unicode char U+00D7 (decimal 215)
   defining Unicode char U+00F7 (decimal 247)
   defining Unicode char U+0192 (decimal 402)
   defining Unicode char U+02C7 (decimal 711)
   defining Unicode char U+02D8 (decimal 728)
   defining Unicode char U+02DD (decimal 733)
   defining Unicode char U+0E3F (decimal 3647)
   defining Unicode char U+2016 (decimal 8214)
   defining Unicode char U+2020 (decimal 8224)
   defining Unicode char U+2021 (decimal 8225)
   defining Unicode char U+2022 (decimal 8226)
   defining Unicode char U+2030 (decimal 8240)
   defining Unicode char U+2031 (decimal 8241)
   defining Unicode char U+203B (decimal 8251)
   defining Unicode char U+203D (decimal 8253)
   defining Unicode char U+2044 (decimal 8260)
   defining Unicode char U+204E (decimal 8270)
   defining Unicode char U+2052 (decimal 8274)
   defining Unicode char U+20A1 (decimal 8353)
   defining Unicode char U+20A4 (decimal 8356)
   defining Unicode char U+20A6 (decimal 8358)
   defining Unicode char U+20A9 (decimal 8361)
   defining Unicode char U+20AB (decimal 8363)
   defining Unicode char U+20AC (decimal 8364)
   defining Unicode char U+20B1 (decimal 8369)
   defining Unicode char U+2103 (decimal 8451)
   defining Unicode char U+2116 (decimal 8470)
   defining Unicode char U+2117 (decimal 8471)
   defining Unicode char U+211E (decimal 8478)
   defining Unicode char U+2120 (decimal 8480)
   defining Unicode char U+2122 (decimal 8482)
   defining Unicode char U+2126 (decimal 8486)
   defining Unicode char U+2127 (decimal 8487)
   defining Unicode char U+212E (decimal 8494)
   defining Unicode char U+2190 (decimal 8592)
   defining Unicode char U+2191 (decimal 8593)
   defining Unicode char U+2192 (decimal 8594)
   defining Unicode char U+2193 (decimal 8595)
   defining Unicode char U+2329 (decimal 9001)
   defining Unicode char U+232A (decimal 9002)
   defining Unicode char U+2422 (decimal 9250)
   defining Unicode char U+25E6 (decimal 9702)
   defining Unicode char U+25EF (decimal 9711)
   defining Unicode char U+266A (decimal 9834)
   defining Unicode char U+FEFF (decimal 65279)
)))
(/usr/local/texlive/2019/texmf-dist/tex/latex/oberdiek/picture.sty
Package: picture 2016/05/16 v1.4 Dimens for picture macros (HO)
Package picture Info: Calculation method: etex.
)
(/usr/local/texlive/2019/texmf-dist/tex/latex/graphics/graphicx.sty
Package: graphicx 2017/06/01 v1.1a Enhanced LaTeX Graphics (DPC,SPQR)

(/usr/local/texlive/2019/texmf-dist/tex/latex/graphics/keyval.sty
Package: keyval 2014/10/28 v1.15 key=value parser (DPC)
\KV@toks@=\toks14
)
(/usr/local/texlive/2019/texmf-dist/tex/latex/graphics/graphics.sty
Package: graphics 2017/06/25 v1.2c Standard LaTeX Graphics (DPC,SPQR)

(/usr/local/texlive/2019/texmf-dist/tex/latex/graphics/trig.sty
Package: trig 2016/01/03 v1.10 sin cos tan (DPC)
)
(/usr/local/texlive/2019/texmf-dist/tex/latex/graphics-cfg/graphics.cfg
File: graphics.cfg 2016/06/04 v1.11 sample graphics configuration
)
Package graphics Info: Driver file: pdftex.def on input line 99.

(/usr/local/texlive/2019/texmf-dist/tex/latex/graphics-def/pdftex.def
File: pdftex.def 2018/01/08 v1.0l Graphics/color driver for pdftex
))
\Gin@req@height=\dimen104
\Gin@req@width=\dimen105
)
(/usr/local/texlive/2019/texmf-dist/tex/generic/oberdiek/atbegshi.sty
Package: atbegshi 2016/06/09 v1.18 At begin shipout hook (HO)

(/usr/local/texlive/2019/texmf-dist/tex/generic/oberdiek/infwarerr.sty
Package: infwarerr 2016/05/16 v1.4 Providing info/warning/error messages (HO)
)
(/usr/local/texlive/2019/texmf-dist/tex/generic/oberdiek/ltxcmds.sty
Package: ltxcmds 2016/05/16 v1.23 LaTeX kernel commands for general use (HO)
)
(/usr/local/texlive/2019/texmf-dist/tex/generic/oberdiek/ifpdf.sty
Package: ifpdf 2018/09/07 v3.3 Provides the ifpdf switch
))
(/usr/local/texlive/2019/texmf-dist/tex/latex/fancyhdr/fancyhdr.sty
Package: fancyhdr 2019/01/31 v3.10 Extensive control of page headers and footer
s
\f@nch@headwidth=\skip43
\f@nch@O@elh=\skip44
\f@nch@O@erh=\skip45
\f@nch@O@olh=\skip46
\f@nch@O@orh=\skip47
\f@nch@O@elf=\skip48
\f@nch@O@erf=\skip49
\f@nch@O@olf=\skip50
\f@nch@O@orf=\skip51
)
(/usr/local/texlive/2019/texmf-dist/tex/latex/oberdiek/atveryend.sty
Package: atveryend 2016/05/16 v1.9 Hooks at the very end of document (HO)
Package atveryend Info: \enddocument detected (standard20110627).
)
(/usr/local/texlive/2019/texmf-dist/tex/latex/ltxkeys/ltxkeys.sty
Package: ltxkeys 2012/11/17 v0.0.3c A robust key-value parser (AM) (Ahmed Musa)

\ltxkeys@csvdepth=\count95
\ltxkeys@keydepth=\count96
)
(/usr/local/texlive/2019/texmf-dist/tex/latex/framed/framed.sty
Package: framed 2011/10/22 v 0.96: framed or shaded text with page breaks
\OuterFrameSep=\skip52
\fb@frw=\dimen106
\fb@frh=\dimen107
\FrameRule=\dimen108
\FrameSep=\dimen109
)
\AtBeginShipoutBox=\box27
\xwm@boxa=\box28
\xwm@boxb=\box29
\xwm@cnta=\count97
\xwm@wrt=\write3

(./Untitled.xwm)
\openout3 = `Untitled.xwm'.

)
(/usr/local/texlive/2019/texmf-dist/tex/latex/xcolor/xcolor.sty
Package: xcolor 2016/05/11 v2.12 LaTeX color extensions (UK)

(/usr/local/texlive/2019/texmf-dist/tex/latex/graphics-cfg/color.cfg
File: color.cfg 2016/01/02 v1.6 sample color configuration
)
Package xcolor Info: Driver file: pdftex.def on input line 225.
Package xcolor Info: Model `cmy' substituted by `cmy0' on input line 1348.
Package xcolor Info: Model `hsb' substituted by `rgb' on input line 1352.
Package xcolor Info: Model `RGB' extended on input line 1364.
Package xcolor Info: Model `HTML' substituted by `rgb' on input line 1366.
Package xcolor Info: Model `Hsb' substituted by `hsb' on input line 1367.
Package xcolor Info: Model `tHsb' substituted by `hsb' on input line 1368.
Package xcolor Info: Model `HSB' substituted by `hsb' on input line 1369.
Package xcolor Info: Model `Gray' substituted by `gray' on input line 1370.
Package xcolor Info: Model `wave' substituted by `hsb' on input line 1371.
)
(/usr/local/texlive/2019/texmf-dist/tex/latex/lipsum/lipsum.sty
(/usr/local/texlive/2019/texmf-dist/tex/latex/l3kernel/expl3.sty
Package: expl3 2019-05-07 L3 programming layer (loader) 

(/usr/local/texlive/2019/texmf-dist/tex/latex/l3kernel/expl3-code.tex
Package: expl3 2019-05-07 L3 programming layer (code)
\c_max_int=\count98
\l_tmpa_int=\count99
\l_tmpb_int=\count100
\g_tmpa_int=\count101
\g_tmpb_int=\count102
\g__kernel_prg_map_int=\count103
\c__ior_term_ior=\count104
\c_log_iow=\count105
\l_iow_line_count_int=\count106
\l__iow_line_target_int=\count107
\l__iow_one_indent_int=\count108
\l__iow_indent_int=\count109
\c_zero_dim=\dimen110
\c_max_dim=\dimen111
\l_tmpa_dim=\dimen112
\l_tmpb_dim=\dimen113
\g_tmpa_dim=\dimen114
\g_tmpb_dim=\dimen115
\c_zero_skip=\skip53
\c_max_skip=\skip54
\l_tmpa_skip=\skip55
\l_tmpb_skip=\skip56
\g_tmpa_skip=\skip57
\g_tmpb_skip=\skip58
\c_zero_muskip=\muskip10
\c_max_muskip=\muskip11
\l_tmpa_muskip=\muskip12
\l_tmpb_muskip=\muskip13
\g_tmpa_muskip=\muskip14
\g_tmpb_muskip=\muskip15
\l_keys_choice_int=\count110
\l__intarray_loop_int=\count111
\c__intarray_sp_dim=\dimen116
\g__intarray_font_int=\count112
\c__fp_leading_shift_int=\count113
\c__fp_middle_shift_int=\count114
\c__fp_trailing_shift_int=\count115
\c__fp_big_leading_shift_int=\count116
\c__fp_big_middle_shift_int=\count117
\c__fp_big_trailing_shift_int=\count118
\c__fp_Bigg_leading_shift_int=\count119
\c__fp_Bigg_middle_shift_int=\count120
\c__fp_Bigg_trailing_shift_int=\count121
\c__kernel_randint_max_int=\count122
\g__fp_array_int=\count123
\l__fp_array_loop_int=\count124
\l__sort_length_int=\count125
\l__sort_min_int=\count126
\l__sort_top_int=\count127
\l__sort_max_int=\count128
\l__sort_true_max_int=\count129
\l__sort_block_int=\count130
\l__sort_begin_int=\count131
\l__sort_end_int=\count132
\l__sort_A_int=\count133
\l__sort_B_int=\count134
\l__sort_C_int=\count135
\l__tl_analysis_normal_int=\count136
\l__tl_analysis_index_int=\count137
\l__tl_analysis_nesting_int=\count138
\l__tl_analysis_type_int=\count139
\l__regex_internal_a_int=\count140
\l__regex_internal_b_int=\count141
\l__regex_internal_c_int=\count142
\l__regex_balance_int=\count143
\l__regex_group_level_int=\count144
\l__regex_mode_int=\count145
\c__regex_cs_in_class_mode_int=\count146
\c__regex_cs_mode_int=\count147
\l__regex_catcodes_int=\count148
\l__regex_default_catcodes_int=\count149
\c__regex_catcode_D_int=\count150
\c__regex_catcode_S_int=\count151
\c__regex_catcode_L_int=\count152
\c__regex_catcode_O_int=\count153
\c__regex_catcode_A_int=\count154
\c__regex_all_catcodes_int=\count155
\l__regex_show_lines_int=\count156
\l__regex_min_state_int=\count157
\l__regex_max_state_int=\count158
\l__regex_left_state_int=\count159
\l__regex_right_state_int=\count160
\l__regex_capturing_group_int=\count161
\l__regex_min_pos_int=\count162
\l__regex_max_pos_int=\count163
\l__regex_curr_pos_int=\count164
\l__regex_start_pos_int=\count165
\l__regex_success_pos_int=\count166
\l__regex_curr_char_int=\count167
\l__regex_curr_catcode_int=\count168
\l__regex_last_char_int=\count169
\l__regex_case_changed_char_int=\count170
\l__regex_curr_state_int=\count171
\l__regex_step_int=\count172
\l__regex_min_active_int=\count173
\l__regex_max_active_int=\count174
\l__regex_replacement_csnames_int=\count175
\l__regex_match_count_int=\count176
\l__regex_min_submatch_int=\count177
\l__regex_submatch_int=\count178
\l__regex_zeroth_submatch_int=\count179
\g__regex_trace_regex_int=\count180
\c_empty_box=\box30
\l_tmpa_box=\box31
\l_tmpb_box=\box32
\g_tmpa_box=\box33
\g_tmpb_box=\box34
\l__box_top_dim=\dimen117
\l__box_bottom_dim=\dimen118
\l__box_left_dim=\dimen119
\l__box_right_dim=\dimen120
\l__box_top_new_dim=\dimen121
\l__box_bottom_new_dim=\dimen122
\l__box_left_new_dim=\dimen123
\l__box_right_new_dim=\dimen124
\l__box_internal_box=\box35
\l__coffin_internal_box=\box36
\l__coffin_internal_dim=\dimen125
\l__coffin_offset_x_dim=\dimen126
\l__coffin_offset_y_dim=\dimen127
\l__coffin_x_dim=\dimen128
\l__coffin_y_dim=\dimen129
\l__coffin_x_prime_dim=\dimen130
\l__coffin_y_prime_dim=\dimen131
\c_empty_coffin=\box37
\l__coffin_aligned_coffin=\box38
\l__coffin_aligned_internal_coffin=\box39
\l_tmpa_coffin=\box40
\l_tmpb_coffin=\box41
\g_tmpa_coffin=\box42
\g_tmpb_coffin=\box43
\l__coffin_bounding_shift_dim=\dimen132
\l__coffin_left_corner_dim=\dimen133
\l__coffin_right_corner_dim=\dimen134
\l__coffin_bottom_corner_dim=\dimen135
\l__coffin_top_corner_dim=\dimen136
\l__coffin_scaled_total_height_dim=\dimen137
\l__coffin_scaled_width_dim=\dimen138
\c__coffin_empty_coffin=\box44
\l__coffin_display_coffin=\box45
\l__coffin_display_coord_coffin=\box46
\l__coffin_display_pole_coffin=\box47
\l__coffin_display_offset_dim=\dimen139
\l__coffin_display_x_dim=\dimen140
\l__coffin_display_y_dim=\dimen141
\g__file_internal_ior=\read1
\l__seq_internal_a_int=\count181
\l__seq_internal_b_int=\count182
\c__deprecation_minus_one=\count183
)
(/usr/local/texlive/2019/texmf-dist/tex/latex/l3kernel/l3pdfmode.def
File: l3pdfmode.def 2019-04-06 v L3 Experimental driver: PDF mode
\l__driver_color_stack_int=\count184
\l__driver_pdf_tmp_box=\box48
))
(/usr/local/texlive/2019/texmf-dist/tex/latex/l3packages/xparse/xparse.sty
Package: xparse 2019-05-03 L3 Experimental document command parser
\l__xparse_current_arg_int=\count185
\g__xparse_grabber_int=\count186
\l__xparse_m_args_int=\count187
\l__xparse_v_nesting_int=\count188
)
Package: lipsum 2019/01/02 v2.2 150 paragraphs of Lorem Ipsum dummy text

(/usr/local/texlive/2019/texmf-dist/tex/latex/lipsum/lipsum.ltd.tex
File: lipsum.ltd.tex 2019/01/02 v2.2 The Lorem ipsum dummy text
))
(/usr/local/texlive/2019/texmf-dist/tex/latex/pdfpages/pdfpages.sty
Package: pdfpages 2017/10/31 v0.5l Insert pages of external PDF documents (AM)

(/usr/local/texlive/2019/texmf-dist/tex/latex/base/ifthen.sty
Package: ifthen 2014/09/29 v1.1c Standard LaTeX ifthen package (DPC)
)
(/usr/local/texlive/2019/texmf-dist/tex/latex/tools/calc.sty
Package: calc 2017/05/25 v4.3 Infix arithmetic (KKT,FJ)
\calc@Acount=\count189
\calc@Bcount=\count190
\calc@Adimen=\dimen142
\calc@Bdimen=\dimen143
\calc@Askip=\skip59
\calc@Bskip=\skip60
LaTeX Info: Redefining \setlength on input line 80.
LaTeX Info: Redefining \addtolength on input line 81.
\calc@Ccount=\count191
\calc@Cskip=\skip61
)
(/usr/local/texlive/2019/texmf-dist/tex/latex/eso-pic/eso-pic.sty
Package: eso-pic 2018/04/12 v2.0h eso-pic (RN)
)
\AM@pagewidth=\dimen144
\AM@pageheight=\dimen145

(/usr/local/texlive/2019/texmf-dist/tex/latex/pdfpages/pppdftex.def
File: pppdftex.def 2017/10/31 v0.5l Pdfpages driver for pdfTeX (AM)
)
\AM@pagebox=\box49
\AM@global@opts=\toks15
\AM@toc@title=\toks16
\c@AM@survey=\count192
\AM@templatesizebox=\box50
)
(/usr/local/texlive/2019/texmf-dist/tex/latex/hyperref/hyperref.sty
Package: hyperref 2018/11/30 v6.88e Hypertext links for LaTeX

(/usr/local/texlive/2019/texmf-dist/tex/generic/oberdiek/hobsub-hyperref.sty
Package: hobsub-hyperref 2016/05/16 v1.14 Bundle oberdiek, subset hyperref (HO)


(/usr/local/texlive/2019/texmf-dist/tex/generic/oberdiek/hobsub-generic.sty
Package: hobsub-generic 2016/05/16 v1.14 Bundle oberdiek, subset generic (HO)
Package: hobsub 2016/05/16 v1.14 Construct package bundles (HO)
Package hobsub Info: Skipping package `infwarerr' (already loaded).
Package hobsub Info: Skipping package `ltxcmds' (already loaded).
Package: ifluatex 2016/05/16 v1.4 Provides the ifluatex switch (HO)
Package ifluatex Info: LuaTeX not detected.
Package: ifvtex 2016/05/16 v1.6 Detect VTeX and its facilities (HO)
Package ifvtex Info: VTeX not detected.
Package: intcalc 2016/05/16 v1.2 Expandable calculations with integers (HO)
Package hobsub Info: Skipping package `ifpdf' (already loaded).
Package: etexcmds 2016/05/16 v1.6 Avoid name clashes with e-TeX commands (HO)
Package: kvsetkeys 2016/05/16 v1.17 Key value parser (HO)
Package: kvdefinekeys 2016/05/16 v1.4 Define keys (HO)
Package: pdftexcmds 2018/09/10 v0.29 Utility functions of pdfTeX for LuaTeX (HO
)
Package pdftexcmds Info: LuaTeX not detected.
Package pdftexcmds Info: \pdf@primitive is available.
Package pdftexcmds Info: \pdf@ifprimitive is available.
Package pdftexcmds Info: \pdfdraftmode found.
Package: pdfescape 2016/05/16 v1.14 Implements pdfTeX's escape features (HO)
Package: bigintcalc 2016/05/16 v1.4 Expandable calculations on big integers (HO
)
Package: bitset 2016/05/16 v1.2 Handle bit-vector datatype (HO)
Package: uniquecounter 2016/05/16 v1.3 Provide unlimited unique counter (HO)
)
Package hobsub Info: Skipping package `hobsub' (already loaded).
Package: letltxmacro 2016/05/16 v1.5 Let assignment for LaTeX macros (HO)
Package: hopatch 2016/05/16 v1.3 Wrapper for package hooks (HO)
Package: xcolor-patch 2016/05/16 xcolor patch
Package hobsub Info: Skipping package `atveryend' (already loaded).
Package hobsub Info: Skipping package `atbegshi' (already loaded).
Package: refcount 2016/05/16 v3.5 Data extraction from label references (HO)
Package: hycolor 2016/05/16 v1.8 Color options for hyperref/bookmark (HO)
)
(/usr/local/texlive/2019/texmf-dist/tex/generic/ifxetex/ifxetex.sty
Package: ifxetex 2010/09/12 v0.6 Provides ifxetex conditional
)
(/usr/local/texlive/2019/texmf-dist/tex/latex/oberdiek/auxhook.sty
Package: auxhook 2016/05/16 v1.4 Hooks for auxiliary files (HO)
)
(/usr/local/texlive/2019/texmf-dist/tex/latex/oberdiek/kvoptions.sty
Package: kvoptions 2016/05/16 v3.12 Key value format for package options (HO)
)
\@linkdim=\dimen146
\Hy@linkcounter=\count193
\Hy@pagecounter=\count194

(/usr/local/texlive/2019/texmf-dist/tex/latex/hyperref/pd1enc.def
File: pd1enc.def 2018/11/30 v6.88e Hyperref: PDFDocEncoding definition (HO)
Now handling font encoding PD1 ...
... no UTF-8 mapping file for font encoding PD1
)
\Hy@SavedSpaceFactor=\count195

(/usr/local/texlive/2019/texmf-dist/tex/latex/latexconfig/hyperref.cfg
File: hyperref.cfg 2002/06/06 v1.2 hyperref configuration of TeXLive
)
Package hyperref Info: Hyper figures OFF on input line 4519.
Package hyperref Info: Link nesting OFF on input line 4524.
Package hyperref Info: Hyper index ON on input line 4527.
Package hyperref Info: Plain pages OFF on input line 4534.
Package hyperref Info: Backreferencing OFF on input line 4539.
Package hyperref Info: Implicit mode ON; LaTeX internals redefined.
Package hyperref Info: Bookmarks ON on input line 4772.
\c@Hy@tempcnt=\count196

(/usr/local/texlive/2019/texmf-dist/tex/latex/url/url.sty
\Urlmuskip=\muskip16
Package: url 2013/09/16  ver 3.4  Verb mode for urls, etc.
)
LaTeX Info: Redefining \url on input line 5125.
\XeTeXLinkMargin=\dimen147
\Fld@menulength=\count197
\Field@Width=\dimen148
\Fld@charsize=\dimen149
Package hyperref Info: Hyper figures OFF on input line 6380.
Package hyperref Info: Link nesting OFF on input line 6385.
Package hyperref Info: Hyper index ON on input line 6388.
Package hyperref Info: backreferencing OFF on input line 6395.
Package hyperref Info: Link coloring OFF on input line 6400.
Package hyperref Info: Link coloring with OCG OFF on input line 6405.
Package hyperref Info: PDF/A mode OFF on input line 6410.
LaTeX Info: Redefining \ref on input line 6450.
LaTeX Info: Redefining \pageref on input line 6454.
\Hy@abspage=\count198
\c@Item=\count199
\c@Hfootnote=\count266
)
Package hyperref Info: Driver (autodetected): hpdftex.

(/usr/local/texlive/2019/texmf-dist/tex/latex/hyperref/hpdftex.def
File: hpdftex.def 2018/11/30 v6.88e Hyperref driver for pdfTeX
\Fld@listcount=\count267
\c@bookmark@seq@number=\count268

(/usr/local/texlive/2019/texmf-dist/tex/latex/oberdiek/rerunfilecheck.sty
Package: rerunfilecheck 2016/05/16 v1.8 Rerun checks for auxiliary files (HO)
Package uniquecounter Info: New unique counter `rerunfilecheck' on input line 2
82.
)
\Hy@SectionHShift=\skip62
)
(./Untitled.aux)
\openout1 = `Untitled.aux'.

LaTeX Font Info:    Checking defaults for OML/cmm/m/it on input line 9.
LaTeX Font Info:    ... okay on input line 9.
LaTeX Font Info:    Checking defaults for T1/cmr/m/n on input line 9.
LaTeX Font Info:    ... okay on input line 9.
LaTeX Font Info:    Checking defaults for OT1/cmr/m/n on input line 9.
LaTeX Font Info:    ... okay on input line 9.
LaTeX Font Info:    Checking defaults for OMS/cmsy/m/n on input line 9.
LaTeX Font Info:    ... okay on input line 9.
LaTeX Font Info:    Checking defaults for OMX/cmex/m/n on input line 9.
LaTeX Font Info:    ... okay on input line 9.
LaTeX Font Info:    Checking defaults for U/cmr/m/n on input line 9.
LaTeX Font Info:    ... okay on input line 9.
LaTeX Font Info:    Checking defaults for TS1/cmr/m/n on input line 9.
LaTeX Font Info:    ... okay on input line 9.
LaTeX Font Info:    Checking defaults for PD1/pdf/m/n on input line 9.
LaTeX Font Info:    ... okay on input line 9.

(/usr/local/texlive/2019/texmf-dist/tex/context/base/mkii/supp-pdf.mkii
[Loading MPS to PDF converter (version 2006.09.02).]
\scratchcounter=\count269
\scratchdimen=\dimen150
\scratchbox=\box51
\nofMPsegments=\count270
\nofMParguments=\count271
\everyMPshowfont=\toks17
\MPscratchCnt=\count272
\MPscratchDim=\dimen151
\MPnumerator=\count273
\makeMPintoPDFobject=\count274
\everyMPtoPDFconversion=\toks18
) (/usr/local/texlive/2019/texmf-dist/tex/latex/oberdiek/epstopdf-base.sty
Package: epstopdf-base 2016/05/15 v2.6 Base part for package epstopdf

(/usr/local/texlive/2019/texmf-dist/tex/latex/oberdiek/grfext.sty
Package: grfext 2016/05/16 v1.2 Manage graphics extensions (HO)
)
Package epstopdf-base Info: Redefining graphics rule for `.eps' on input line 4
38.
Package grfext Info: Graphics extension search list:
(grfext)             [.pdf,.png,.jpg,.mps,.jpeg,.jbig2,.jb2,.PDF,.PNG,.JPG,.JPE
G,.JBIG2,.JB2,.eps]
(grfext)             \AppendGraphicsExtensions on input line 456.

(/usr/local/texlive/2019/texmf-dist/tex/latex/latexconfig/epstopdf-sys.cfg
File: epstopdf-sys.cfg 2010/07/13 v1.3 Configuration of (r)epstopdf for TeX Liv
e
))
(/usr/local/texlive/2019/texmf-dist/tex/latex/oberdiek/pdflscape.sty
Package: pdflscape 2016/05/14 v0.11 Display of landscape pages in PDF (HO)

(/usr/local/texlive/2019/texmf-dist/tex/latex/graphics/lscape.sty
Package: lscape 2000/10/22 v3.01 Landscape Pages (DPC)
)
Package pdflscape Info: Auto-detected driver: pdftex on input line 81.
)
Package hyperref Info: Link coloring OFF on input line 9.

(/usr/local/texlive/2019/texmf-dist/tex/latex/hyperref/nameref.sty
Package: nameref 2016/05/21 v2.44 Cross-referencing by name of section

(/usr/local/texlive/2019/texmf-dist/tex/generic/oberdiek/gettitlestring.sty
Package: gettitlestring 2016/05/16 v1.5 Cleanup title references (HO)
)
\c@section@level=\count275
)
LaTeX Info: Redefining \ref on input line 9.
LaTeX Info: Redefining \pageref on input line 9.
LaTeX Info: Redefining \nameref on input line 9.

(./Untitled.out) (./Untitled.out)
\@outlinefile=\write4
\openout4 = `Untitled.out'.

<Designreport_Thiruvananthapuram_Thiruvananthapuram_Thermal_007_0.pdf, id=4, 59
7.50829pt x 845.0471pt>
File: Designreport_Thiruvananthapuram_Thiruvananthapuram_Thermal_007_0.pdf Grap
hic file (type pdf)
<use Designreport_Thiruvananthapuram_Thiruvananthapuram_Thermal_007_0.pdf>
Package pdftex.def Info: Designreport_Thiruvananthapuram_Thiruvananthapuram_The
rmal_007_0.pdf  used on input line 11.
(pdftex.def)             Requested size: 597.50682pt x 845.04504pt.
File: Designreport_Thiruvananthapuram_Thiruvananthapuram_Thermal_007_0.pdf Grap
hic file (type pdf)
<use Designreport_Thiruvananthapuram_Thiruvananthapuram_Thermal_007_0.pdf>
Package pdftex.def Info: Designreport_Thiruvananthapuram_Thiruvananthapuram_The
rmal_007_0.pdf  used on input line 11.
(pdftex.def)             Requested size: 597.50682pt x 845.04504pt.
<Designreport_Thiruvananthapuram_Thiruvananthapuram_Thermal_007_0.pdf, id=7, pa
ge=1, 597.50829pt x 845.0471pt>
File: Designreport_Thiruvananthapuram_Thiruvananthapuram_Thermal_007_0.pdf Grap
hic file (type pdf)
<use Designreport_Thiruvananthapuram_Thiruvananthapuram_Thermal_007_0.pdf, page
 1>
Package pdftex.def Info: Designreport_Thiruvananthapuram_Thiruvananthapuram_The
rmal_007_0.pdf , page1 used on input line 11.
(pdftex.def)             Requested size: 597.50682pt x 845.04504pt.
File: Designreport_Thiruvananthapuram_Thiruvananthapuram_Thermal_007_0.pdf Grap
hic file (type pdf)
<use Designreport_Thiruvananthapuram_Thiruvananthapuram_Thermal_007_0.pdf, page
 1>
Package pdftex.def Info: Designreport_Thiruvananthapuram_Thiruvananthapuram_The
rmal_007_0.pdf , page1 used on input line 11.
(pdftex.def)             Requested size: 562.12285pt x 795.00201pt.
File: Designreport_Thiruvananthapuram_Thiruvananthapuram_Thermal_007_0.pdf Grap
hic file (type pdf)
<use Designreport_Thiruvananthapuram_Thiruvananthapuram_Thermal_007_0.pdf, page
 1>
Package pdftex.def Info: Designreport_Thiruvananthapuram_Thiruvananthapuram_The
rmal_007_0.pdf , page1 used on input line 11.
(pdftex.def)             Requested size: 562.12285pt x 795.00201pt.
File: Designreport_Thiruvananthapuram_Thiruvananthapuram_Thermal_007_0.pdf Grap
hic file (type pdf)
<use Designreport_Thiruvananthapuram_Thiruvananthapuram_Thermal_007_0.pdf, page
 1>
Package pdftex.def Info: Designreport_Thiruvananthapuram_Thiruvananthapuram_The
rmal_007_0.pdf , page1 used on input line 11.
(pdftex.def)             Requested size: 562.12285pt x 795.00201pt.
LaTeX Font Info:    Try loading font information for OT1+bch on input line 11.

(/usr/local/texlive/2019/texmf-dist/tex/latex/psnfss/ot1bch.fd
File: ot1bch.fd 2004/10/18 font definitions for OT1/bch.
)
LaTeX Font Info:    External font `cmex10' loaded for size
(Font)              <7> on input line 11.
LaTeX Font Info:    External font `cmex10' loaded for size
(Font)              <5> on input line 11.
File: Designreport_Thiruvananthapuram_Thiruvananthapuram_Thermal_007_0.pdf Grap
hic file (type pdf)
<use Designreport_Thiruvananthapuram_Thiruvananthapuram_Thermal_007_0.pdf, page
 1>
Package pdftex.def Info: Designreport_Thiruvananthapuram_Thiruvananthapuram_The
rmal_007_0.pdf , page1 used on input line 11.
(pdftex.def)             Requested size: 562.12285pt x 795.00201pt.
 [1{/usr/local/texlive/2019/texmf-var/fonts/map/pdftex/updmap/pdftex.map}

 <./Designreport_Thiruvananthapuram_Thiruvananthapuram_Thermal_007_0.pdf>]
<Designreport_Thiruvananthapuram_Thiruvananthapuram_Thermal_007_0.pdf, id=35, p
age=2, 597.50829pt x 845.0471pt>
File: Designreport_Thiruvananthapuram_Thiruvananthapuram_Thermal_007_0.pdf Grap
hic file (type pdf)
<use Designreport_Thiruvananthapuram_Thiruvananthapuram_Thermal_007_0.pdf, page
 2>
Package pdftex.def Info: Designreport_Thiruvananthapuram_Thiruvananthapuram_The
rmal_007_0.pdf , page2 used on input line 11.
(pdftex.def)             Requested size: 562.12285pt x 795.00201pt.
File: Designreport_Thiruvananthapuram_Thiruvananthapuram_Thermal_007_0.pdf Grap
hic file (type pdf)
<use Designreport_Thiruvananthapuram_Thiruvananthapuram_Thermal_007_0.pdf, page
 2>
Package pdftex.def Info: Designreport_Thiruvananthapuram_Thiruvananthapuram_The
rmal_007_0.pdf , page2 used on input line 11.
(pdftex.def)             Requested size: 562.12285pt x 795.00201pt.
File: Designreport_Thiruvananthapuram_Thiruvananthapuram_Thermal_007_0.pdf Grap
hic file (type pdf)
<use Designreport_Thiruvananthapuram_Thiruvananthapuram_Thermal_007_0.pdf, page
 2>
Package pdftex.def Info: Designreport_Thiruvananthapuram_Thiruvananthapuram_The
rmal_007_0.pdf , page2 used on input line 11.
(pdftex.def)             Requested size: 562.12285pt x 795.00201pt.
 [2 <./Designreport_Thiruvananthapuram_Thiruvananthapuram_Thermal_007_0.pdf>]
<Designreport_Thiruvananthapuram_Thiruvananthapuram_Thermal_007_0.pdf, id=40, p
age=3, 597.50829pt x 845.0471pt>
File: Designreport_Thiruvananthapuram_Thiruvananthapuram_Thermal_007_0.pdf Grap
hic file (type pdf)
<use Designreport_Thiruvananthapuram_Thiruvananthapuram_Thermal_007_0.pdf, page
 3>
Package pdftex.def Info: Designreport_Thiruvananthapuram_Thiruvananthapuram_The
rmal_007_0.pdf , page3 used on input line 11.
(pdftex.def)             Requested size: 562.12285pt x 795.00201pt.
File: Designreport_Thiruvananthapuram_Thiruvananthapuram_Thermal_007_0.pdf Grap
hic file (type pdf)
<use Designreport_Thiruvananthapuram_Thiruvananthapuram_Thermal_007_0.pdf, page
 3>
Package pdftex.def Info: Designreport_Thiruvananthapuram_Thiruvananthapuram_The
rmal_007_0.pdf , page3 used on input line 11.
(pdftex.def)             Requested size: 562.12285pt x 795.00201pt.
File: Designreport_Thiruvananthapuram_Thiruvananthapuram_Thermal_007_0.pdf Grap
hic file (type pdf)
<use Designreport_Thiruvananthapuram_Thiruvananthapuram_Thermal_007_0.pdf, page
 3>
Package pdftex.def Info: Designreport_Thiruvananthapuram_Thiruvananthapuram_The
rmal_007_0.pdf , page3 used on input line 11.
(pdftex.def)             Requested size: 562.12285pt x 795.00201pt.
 [3 <./Designreport_Thiruvananthapuram_Thiruvananthapuram_Thermal_007_0.pdf>]
<Designreport_Thiruvananthapuram_Thiruvananthapuram_Thermal_007_0.pdf, id=55, p
age=4, 597.50829pt x 845.0471pt>
File: Designreport_Thiruvananthapuram_Thiruvananthapuram_Thermal_007_0.pdf Grap
hic file (type pdf)
<use Designreport_Thiruvananthapuram_Thiruvananthapuram_Thermal_007_0.pdf, page
 4>
Package pdftex.def Info: Designreport_Thiruvananthapuram_Thiruvananthapuram_The
rmal_007_0.pdf , page4 used on input line 11.
(pdftex.def)             Requested size: 562.12285pt x 795.00201pt.
File: Designreport_Thiruvananthapuram_Thiruvananthapuram_Thermal_007_0.pdf Grap
hic file (type pdf)
<use Designreport_Thiruvananthapuram_Thiruvananthapuram_Thermal_007_0.pdf, page
 4>
Package pdftex.def Info: Designreport_Thiruvananthapuram_Thiruvananthapuram_The
rmal_007_0.pdf , page4 used on input line 11.
(pdftex.def)             Requested size: 562.12285pt x 795.00201pt.
File: Designreport_Thiruvananthapuram_Thiruvananthapuram_Thermal_007_0.pdf Grap
hic file (type pdf)
<use Designreport_Thiruvananthapuram_Thiruvananthapuram_Thermal_007_0.pdf, page
 4>
Package pdftex.def Info: Designreport_Thiruvananthapuram_Thiruvananthapuram_The
rmal_007_0.pdf , page4 used on input line 11.
(pdftex.def)             Requested size: 562.12285pt x 795.00201pt.
 [4 <./Designreport_Thiruvananthapuram_Thiruvananthapuram_Thermal_007_0.pdf>]
<Designreport_Thiruvananthapuram_Thiruvananthapuram_Thermal_007_0.pdf, id=60, p
age=5, 597.50829pt x 845.0471pt>
File: Designreport_Thiruvananthapuram_Thiruvananthapuram_Thermal_007_0.pdf Grap
hic file (type pdf)
<use Designreport_Thiruvananthapuram_Thiruvananthapuram_Thermal_007_0.pdf, page
 5>
Package pdftex.def Info: Designreport_Thiruvananthapuram_Thiruvananthapuram_The
rmal_007_0.pdf , page5 used on input line 11.
(pdftex.def)             Requested size: 562.12285pt x 795.00201pt.
File: Designreport_Thiruvananthapuram_Thiruvananthapuram_Thermal_007_0.pdf Grap
hic file (type pdf)
<use Designreport_Thiruvananthapuram_Thiruvananthapuram_Thermal_007_0.pdf, page
 5>
Package pdftex.def Info: Designreport_Thiruvananthapuram_Thiruvananthapuram_The
rmal_007_0.pdf , page5 used on input line 11.
(pdftex.def)             Requested size: 562.12285pt x 795.00201pt.
File: Designreport_Thiruvananthapuram_Thiruvananthapuram_Thermal_007_0.pdf Grap
hic file (type pdf)
<use Designreport_Thiruvananthapuram_Thiruvananthapuram_Thermal_007_0.pdf, page
 5>
Package pdftex.def Info: Designreport_Thiruvananthapuram_Thiruvananthapuram_The
rmal_007_0.pdf , page5 used on input line 11.
(pdftex.def)             Requested size: 562.12285pt x 795.00201pt.
 [5 <./Designreport_Thiruvananthapuram_Thiruvananthapuram_Thermal_007_0.pdf>]
<Designreport_Thiruvananthapuram_Thiruvananthapuram_Thermal_007_0.pdf, id=72, p
age=6, 597.50829pt x 845.0471pt>
File: Designreport_Thiruvananthapuram_Thiruvananthapuram_Thermal_007_0.pdf Grap
hic file (type pdf)
<use Designreport_Thiruvananthapuram_Thiruvananthapuram_Thermal_007_0.pdf, page
 6>
Package pdftex.def Info: Designreport_Thiruvananthapuram_Thiruvananthapuram_The
rmal_007_0.pdf , page6 used on input line 11.
(pdftex.def)             Requested size: 562.12285pt x 795.00201pt.
File: Designreport_Thiruvananthapuram_Thiruvananthapuram_Thermal_007_0.pdf Grap
hic file (type pdf)
<use Designreport_Thiruvananthapuram_Thiruvananthapuram_Thermal_007_0.pdf, page
 6>
Package pdftex.def Info: Designreport_Thiruvananthapuram_Thiruvananthapuram_The
rmal_007_0.pdf , page6 used on input line 11.
(pdftex.def)             Requested size: 562.12285pt x 795.00201pt.
File: Designreport_Thiruvananthapuram_Thiruvananthapuram_Thermal_007_0.pdf Grap
hic file (type pdf)
<use Designreport_Thiruvananthapuram_Thiruvananthapuram_Thermal_007_0.pdf, page
 6>
Package pdftex.def Info: Designreport_Thiruvananthapuram_Thiruvananthapuram_The
rmal_007_0.pdf , page6 used on input line 11.
(pdftex.def)             Requested size: 562.12285pt x 795.00201pt.
 [6 <./Designreport_Thiruvananthapuram_Thiruvananthapuram_Thermal_007_0.pdf>]
<Designreport_Thiruvananthapuram_Thiruvananthapuram_Thermal_007_0.pdf, id=79, p
age=7, 597.50829pt x 845.0471pt>
File: Designreport_Thiruvananthapuram_Thiruvananthapuram_Thermal_007_0.pdf Grap
hic file (type pdf)
<use Designreport_Thiruvananthapuram_Thiruvananthapuram_Thermal_007_0.pdf, page
 7>
Package pdftex.def Info: Designreport_Thiruvananthapuram_Thiruvananthapuram_The
rmal_007_0.pdf , page7 used on input line 11.
(pdftex.def)             Requested size: 562.12285pt x 795.00201pt.
File: Designreport_Thiruvananthapuram_Thiruvananthapuram_Thermal_007_0.pdf Grap
hic file (type pdf)
<use Designreport_Thiruvananthapuram_Thiruvananthapuram_Thermal_007_0.pdf, page
 7>
Package pdftex.def Info: Designreport_Thiruvananthapuram_Thiruvananthapuram_The
rmal_007_0.pdf , page7 used on input line 11.
(pdftex.def)             Requested size: 562.12285pt x 795.00201pt.
File: Designreport_Thiruvananthapuram_Thiruvananthapuram_Thermal_007_0.pdf Grap
hic file (type pdf)
<use Designreport_Thiruvananthapuram_Thiruvananthapuram_Thermal_007_0.pdf, page
 7>
Package pdftex.def Info: Designreport_Thiruvananthapuram_Thiruvananthapuram_The
rmal_007_0.pdf , page7 used on input line 11.
(pdftex.def)             Requested size: 562.12285pt x 795.00201pt.
 [7 <./Designreport_Thiruvananthapuram_Thiruvananthapuram_Thermal_007_0.pdf>]
<Designreport_Thiruvananthapuram_Thiruvananthapuram_Thermal_007_0.pdf, id=85, p
age=8, 597.50829pt x 845.0471pt>
File: Designreport_Thiruvananthapuram_Thiruvananthapuram_Thermal_007_0.pdf Grap
hic file (type pdf)
<use Designreport_Thiruvananthapuram_Thiruvananthapuram_Thermal_007_0.pdf, page
 8>
Package pdftex.def Info: Designreport_Thiruvananthapuram_Thiruvananthapuram_The
rmal_007_0.pdf , page8 used on input line 11.
(pdftex.def)             Requested size: 562.12285pt x 795.00201pt.
File: Designreport_Thiruvananthapuram_Thiruvananthapuram_Thermal_007_0.pdf Grap
hic file (type pdf)
<use Designreport_Thiruvananthapuram_Thiruvananthapuram_Thermal_007_0.pdf, page
 8>
Package pdftex.def Info: Designreport_Thiruvananthapuram_Thiruvananthapuram_The
rmal_007_0.pdf , page8 used on input line 11.
(pdftex.def)             Requested size: 562.12285pt x 795.00201pt.
File: Designreport_Thiruvananthapuram_Thiruvananthapuram_Thermal_007_0.pdf Grap
hic file (type pdf)
<use Designreport_Thiruvananthapuram_Thiruvananthapuram_Thermal_007_0.pdf, page
 8>
Package pdftex.def Info: Designreport_Thiruvananthapuram_Thiruvananthapuram_The
rmal_007_0.pdf , page8 used on input line 11.
(pdftex.def)             Requested size: 562.12285pt x 795.00201pt.
 [8 <./Designreport_Thiruvananthapuram_Thiruvananthapuram_Thermal_007_0.pdf>]
<Designreport_Thiruvananthapuram_Thiruvananthapuram_Thermal_007_0.pdf, id=105, 
page=9, 597.50829pt x 845.0471pt>
File: Designreport_Thiruvananthapuram_Thiruvananthapuram_Thermal_007_0.pdf Grap
hic file (type pdf)
<use Designreport_Thiruvananthapuram_Thiruvananthapuram_Thermal_007_0.pdf, page
 9>
Package pdftex.def Info: Designreport_Thiruvananthapuram_Thiruvananthapuram_The
rmal_007_0.pdf , page9 used on input line 11.
(pdftex.def)             Requested size: 562.12285pt x 795.00201pt.
File: Designreport_Thiruvananthapuram_Thiruvananthapuram_Thermal_007_0.pdf Grap
hic file (type pdf)
<use Designreport_Thiruvananthapuram_Thiruvananthapuram_Thermal_007_0.pdf, page
 9>
Package pdftex.def Info: Designreport_Thiruvananthapuram_Thiruvananthapuram_The
rmal_007_0.pdf , page9 used on input line 11.
(pdftex.def)             Requested size: 562.12285pt x 795.00201pt.
File: Designreport_Thiruvananthapuram_Thiruvananthapuram_Thermal_007_0.pdf Grap
hic file (type pdf)
<use Designreport_Thiruvananthapuram_Thiruvananthapuram_Thermal_007_0.pdf, page
 9>
Package pdftex.def Info: Designreport_Thiruvananthapuram_Thiruvananthapuram_The
rmal_007_0.pdf , page9 used on input line 11.
(pdftex.def)             Requested size: 562.12285pt x 795.00201pt.
 [9 <./Designreport_Thiruvananthapuram_Thiruvananthapuram_Thermal_007_0.pdf>]
<Designreport_Thiruvananthapuram_Thiruvananthapuram_Thermal_007_0.pdf, id=171, 
page=10, 597.50829pt x 845.0471pt>
File: Designreport_Thiruvananthapuram_Thiruvananthapuram_Thermal_007_0.pdf Grap
hic file (type pdf)
<use Designreport_Thiruvananthapuram_Thiruvananthapuram_Thermal_007_0.pdf, page
 10>
Package pdftex.def Info: Designreport_Thiruvananthapuram_Thiruvananthapuram_The
rmal_007_0.pdf , page10 used on input line 11.
(pdftex.def)             Requested size: 562.12285pt x 795.00201pt.
File: Designreport_Thiruvananthapuram_Thiruvananthapuram_Thermal_007_0.pdf Grap
hic file (type pdf)
<use Designreport_Thiruvananthapuram_Thiruvananthapuram_Thermal_007_0.pdf, page
 10>
Package pdftex.def Info: Designreport_Thiruvananthapuram_Thiruvananthapuram_The
rmal_007_0.pdf , page10 used on input line 11.
(pdftex.def)             Requested size: 562.12285pt x 795.00201pt.
File: Designreport_Thiruvananthapuram_Thiruvananthapuram_Thermal_007_0.pdf Grap
hic file (type pdf)
<use Designreport_Thiruvananthapuram_Thiruvananthapuram_Thermal_007_0.pdf, page
 10>
Package pdftex.def Info: Designreport_Thiruvananthapuram_Thiruvananthapuram_The
rmal_007_0.pdf , page10 used on input line 11.
(pdftex.def)             Requested size: 562.12285pt x 795.00201pt.
 [10 <./Designreport_Thiruvananthapuram_Thiruvananthapuram_Thermal_007_0.pdf>]
<Designreport_Thiruvananthapuram_Thiruvananthapuram_Thermal_007_0.pdf, id=176, 
page=11, 597.50829pt x 845.0471pt>
File: Designreport_Thiruvananthapuram_Thiruvananthapuram_Thermal_007_0.pdf Grap
hic file (type pdf)
<use Designreport_Thiruvananthapuram_Thiruvananthapuram_Thermal_007_0.pdf, page
 11>
Package pdftex.def Info: Designreport_Thiruvananthapuram_Thiruvananthapuram_The
rmal_007_0.pdf , page11 used on input line 11.
(pdftex.def)             Requested size: 562.12285pt x 795.00201pt.
File: Designreport_Thiruvananthapuram_Thiruvananthapuram_Thermal_007_0.pdf Grap
hic file (type pdf)
<use Designreport_Thiruvananthapuram_Thiruvananthapuram_Thermal_007_0.pdf, page
 11>
Package pdftex.def Info: Designreport_Thiruvananthapuram_Thiruvananthapuram_The
rmal_007_0.pdf , page11 used on input line 11.
(pdftex.def)             Requested size: 562.12285pt x 795.00201pt.
File: Designreport_Thiruvananthapuram_Thiruvananthapuram_Thermal_007_0.pdf Grap
hic file (type pdf)
<use Designreport_Thiruvananthapuram_Thiruvananthapuram_Thermal_007_0.pdf, page
 11>
Package pdftex.def Info: Designreport_Thiruvananthapuram_Thiruvananthapuram_The
rmal_007_0.pdf , page11 used on input line 11.
(pdftex.def)             Requested size: 562.12285pt x 795.00201pt.
 [11 <./Designreport_Thiruvananthapuram_Thiruvananthapuram_Thermal_007_0.pdf>]
<Designreport_Thiruvananthapuram_Thiruvananthapuram_Thermal_007_0.pdf, id=183, 
page=12, 597.50829pt x 845.0471pt>
File: Designreport_Thiruvananthapuram_Thiruvananthapuram_Thermal_007_0.pdf Grap
hic file (type pdf)
<use Designreport_Thiruvananthapuram_Thiruvananthapuram_Thermal_007_0.pdf, page
 12>
Package pdftex.def Info: Designreport_Thiruvananthapuram_Thiruvananthapuram_The
rmal_007_0.pdf , page12 used on input line 11.
(pdftex.def)             Requested size: 562.12285pt x 795.00201pt.
File: Designreport_Thiruvananthapuram_Thiruvananthapuram_Thermal_007_0.pdf Grap
hic file (type pdf)
<use Designreport_Thiruvananthapuram_Thiruvananthapuram_Thermal_007_0.pdf, page
 12>
Package pdftex.def Info: Designreport_Thiruvananthapuram_Thiruvananthapuram_The
rmal_007_0.pdf , page12 used on input line 11.
(pdftex.def)             Requested size: 562.12285pt x 795.00201pt.
File: Designreport_Thiruvananthapuram_Thiruvananthapuram_Thermal_007_0.pdf Grap
hic file (type pdf)
<use Designreport_Thiruvananthapuram_Thiruvananthapuram_Thermal_007_0.pdf, page
 12>
Package pdftex.def Info: Designreport_Thiruvananthapuram_Thiruvananthapuram_The
rmal_007_0.pdf , page12 used on input line 11.
(pdftex.def)             Requested size: 562.12285pt x 795.00201pt.
 [12 <./Designreport_Thiruvananthapuram_Thiruvananthapuram_Thermal_007_0.pdf>]
<Designreport_Thiruvananthapuram_Thiruvananthapuram_Thermal_007_0.pdf, id=190, 
page=13, 597.50829pt x 845.0471pt>
File: Designreport_Thiruvananthapuram_Thiruvananthapuram_Thermal_007_0.pdf Grap
hic file (type pdf)
<use Designreport_Thiruvananthapuram_Thiruvananthapuram_Thermal_007_0.pdf, page
 13>
Package pdftex.def Info: Designreport_Thiruvananthapuram_Thiruvananthapuram_The
rmal_007_0.pdf , page13 used on input line 11.
(pdftex.def)             Requested size: 562.12285pt x 795.00201pt.
File: Designreport_Thiruvananthapuram_Thiruvananthapuram_Thermal_007_0.pdf Grap
hic file (type pdf)
<use Designreport_Thiruvananthapuram_Thiruvananthapuram_Thermal_007_0.pdf, page
 13>
Package pdftex.def Info: Designreport_Thiruvananthapuram_Thiruvananthapuram_The
rmal_007_0.pdf , page13 used on input line 11.
(pdftex.def)             Requested size: 562.12285pt x 795.00201pt.
File: Designreport_Thiruvananthapuram_Thiruvananthapuram_Thermal_007_0.pdf Grap
hic file (type pdf)
<use Designreport_Thiruvananthapuram_Thiruvananthapuram_Thermal_007_0.pdf, page
 13>
Package pdftex.def Info: Designreport_Thiruvananthapuram_Thiruvananthapuram_The
rmal_007_0.pdf , page13 used on input line 11.
(pdftex.def)             Requested size: 562.12285pt x 795.00201pt.
 [13 <./Designreport_Thiruvananthapuram_Thiruvananthapuram_Thermal_007_0.pdf>]
<Designreport_Thiruvananthapuram_Thiruvananthapuram_Thermal_007_0.pdf, id=196, 
page=14, 597.50829pt x 845.0471pt>
File: Designreport_Thiruvananthapuram_Thiruvananthapuram_Thermal_007_0.pdf Grap
hic file (type pdf)
<use Designreport_Thiruvananthapuram_Thiruvananthapuram_Thermal_007_0.pdf, page
 14>
Package pdftex.def Info: Designreport_Thiruvananthapuram_Thiruvananthapuram_The
rmal_007_0.pdf , page14 used on input line 11.
(pdftex.def)             Requested size: 562.12285pt x 795.00201pt.
File: Designreport_Thiruvananthapuram_Thiruvananthapuram_Thermal_007_0.pdf Grap
hic file (type pdf)
<use Designreport_Thiruvananthapuram_Thiruvananthapuram_Thermal_007_0.pdf, page
 14>
Package pdftex.def Info: Designreport_Thiruvananthapuram_Thiruvananthapuram_The
rmal_007_0.pdf , page14 used on input line 11.
(pdftex.def)             Requested size: 562.12285pt x 795.00201pt.
File: Designreport_Thiruvananthapuram_Thiruvananthapuram_Thermal_007_0.pdf Grap
hic file (type pdf)
<use Designreport_Thiruvananthapuram_Thiruvananthapuram_Thermal_007_0.pdf, page
 14>
Package pdftex.def Info: Designreport_Thiruvananthapuram_Thiruvananthapuram_The
rmal_007_0.pdf , page14 used on input line 11.
(pdftex.def)             Requested size: 562.12285pt x 795.00201pt.
 [14 <./Designreport_Thiruvananthapuram_Thiruvananthapuram_Thermal_007_0.pdf>]
<Designreport_Thiruvananthapuram_Thiruvananthapuram_Thermal_007_0.pdf, id=250, 
page=15, 597.50829pt x 845.0471pt>
File: Designreport_Thiruvananthapuram_Thiruvananthapuram_Thermal_007_0.pdf Grap
hic file (type pdf)
<use Designreport_Thiruvananthapuram_Thiruvananthapuram_Thermal_007_0.pdf, page
 15>
Package pdftex.def Info: Designreport_Thiruvananthapuram_Thiruvananthapuram_The
rmal_007_0.pdf , page15 used on input line 11.
(pdftex.def)             Requested size: 562.12285pt x 795.00201pt.
File: Designreport_Thiruvananthapuram_Thiruvananthapuram_Thermal_007_0.pdf Grap
hic file (type pdf)
<use Designreport_Thiruvananthapuram_Thiruvananthapuram_Thermal_007_0.pdf, page
 15>
Package pdftex.def Info: Designreport_Thiruvananthapuram_Thiruvananthapuram_The
rmal_007_0.pdf , page15 used on input line 11.
(pdftex.def)             Requested size: 562.12285pt x 795.00201pt.
File: Designreport_Thiruvananthapuram_Thiruvananthapuram_Thermal_007_0.pdf Grap
hic file (type pdf)
<use Designreport_Thiruvananthapuram_Thiruvananthapuram_Thermal_007_0.pdf, page
 15>
Package pdftex.def Info: Designreport_Thiruvananthapuram_Thiruvananthapuram_The
rmal_007_0.pdf , page15 used on input line 11.
(pdftex.def)             Requested size: 562.12285pt x 795.00201pt.
 [15 <./Designreport_Thiruvananthapuram_Thiruvananthapuram_Thermal_007_0.pdf>]
<Designreport_Thiruvananthapuram_Thiruvananthapuram_Thermal_007_0.pdf, id=255, 
page=16, 597.50829pt x 845.0471pt>
File: Designreport_Thiruvananthapuram_Thiruvananthapuram_Thermal_007_0.pdf Grap
hic file (type pdf)
<use Designreport_Thiruvananthapuram_Thiruvananthapuram_Thermal_007_0.pdf, page
 16>
Package pdftex.def Info: Designreport_Thiruvananthapuram_Thiruvananthapuram_The
rmal_007_0.pdf , page16 used on input line 11.
(pdftex.def)             Requested size: 562.12285pt x 795.00201pt.
File: Designreport_Thiruvananthapuram_Thiruvananthapuram_Thermal_007_0.pdf Grap
hic file (type pdf)
<use Designreport_Thiruvananthapuram_Thiruvananthapuram_Thermal_007_0.pdf, page
 16>
Package pdftex.def Info: Designreport_Thiruvananthapuram_Thiruvananthapuram_The
rmal_007_0.pdf , page16 used on input line 11.
(pdftex.def)             Requested size: 562.12285pt x 795.00201pt.
File: Designreport_Thiruvananthapuram_Thiruvananthapuram_Thermal_007_0.pdf Grap
hic file (type pdf)
<use Designreport_Thiruvananthapuram_Thiruvananthapuram_Thermal_007_0.pdf, page
 16>
Package pdftex.def Info: Designreport_Thiruvananthapuram_Thiruvananthapuram_The
rmal_007_0.pdf , page16 used on input line 11.
(pdftex.def)             Requested size: 562.12285pt x 795.00201pt.
 [16 <./Designreport_Thiruvananthapuram_Thiruvananthapuram_Thermal_007_0.pdf>]
<Designreport_Thiruvananthapuram_Thiruvananthapuram_Thermal_007_0.pdf, id=260, 
page=17, 597.50829pt x 845.0471pt>
File: Designreport_Thiruvananthapuram_Thiruvananthapuram_Thermal_007_0.pdf Grap
hic file (type pdf)
<use Designreport_Thiruvananthapuram_Thiruvananthapuram_Thermal_007_0.pdf, page
 17>
Package pdftex.def Info: Designreport_Thiruvananthapuram_Thiruvananthapuram_The
rmal_007_0.pdf , page17 used on input line 11.
(pdftex.def)             Requested size: 562.12285pt x 795.00201pt.
File: Designreport_Thiruvananthapuram_Thiruvananthapuram_Thermal_007_0.pdf Grap
hic file (type pdf)
<use Designreport_Thiruvananthapuram_Thiruvananthapuram_Thermal_007_0.pdf, page
 17>
Package pdftex.def Info: Designreport_Thiruvananthapuram_Thiruvananthapuram_The
rmal_007_0.pdf , page17 used on input line 11.
(pdftex.def)             Requested size: 562.12285pt x 795.00201pt.
File: Designreport_Thiruvananthapuram_Thiruvananthapuram_Thermal_007_0.pdf Grap
hic file (type pdf)
<use Designreport_Thiruvananthapuram_Thiruvananthapuram_Thermal_007_0.pdf, page
 17>
Package pdftex.def Info: Designreport_Thiruvananthapuram_Thiruvananthapuram_The
rmal_007_0.pdf , page17 used on input line 11.
(pdftex.def)             Requested size: 562.12285pt x 795.00201pt.
 [17 <./Designreport_Thiruvananthapuram_Thiruvananthapuram_Thermal_007_0.pdf>]
<Designreport_Thiruvananthapuram_Thiruvananthapuram_Thermal_007_0.pdf, id=365, 
page=18, 597.50829pt x 845.0471pt>
File: Designreport_Thiruvananthapuram_Thiruvananthapuram_Thermal_007_0.pdf Grap
hic file (type pdf)
<use Designreport_Thiruvananthapuram_Thiruvananthapuram_Thermal_007_0.pdf, page
 18>
Package pdftex.def Info: Designreport_Thiruvananthapuram_Thiruvananthapuram_The
rmal_007_0.pdf , page18 used on input line 11.
(pdftex.def)             Requested size: 562.12285pt x 795.00201pt.
File: Designreport_Thiruvananthapuram_Thiruvananthapuram_Thermal_007_0.pdf Grap
hic file (type pdf)
<use Designreport_Thiruvananthapuram_Thiruvananthapuram_Thermal_007_0.pdf, page
 18>
Package pdftex.def Info: Designreport_Thiruvananthapuram_Thiruvananthapuram_The
rmal_007_0.pdf , page18 used on input line 11.
(pdftex.def)             Requested size: 562.12285pt x 795.00201pt.
File: Designreport_Thiruvananthapuram_Thiruvananthapuram_Thermal_007_0.pdf Grap
hic file (type pdf)
<use Designreport_Thiruvananthapuram_Thiruvananthapuram_Thermal_007_0.pdf, page
 18>
Package pdftex.def Info: Designreport_Thiruvananthapuram_Thiruvananthapuram_The
rmal_007_0.pdf , page18 used on input line 11.
(pdftex.def)             Requested size: 562.12285pt x 795.00201pt.
 [18 <./Designreport_Thiruvananthapuram_Thiruvananthapuram_Thermal_007_0.pdf>]
<Designreport_Thiruvananthapuram_Thiruvananthapuram_Thermal_007_0.pdf, id=421, 
page=19, 597.50829pt x 845.0471pt>
File: Designreport_Thiruvananthapuram_Thiruvananthapuram_Thermal_007_0.pdf Grap
hic file (type pdf)
<use Designreport_Thiruvananthapuram_Thiruvananthapuram_Thermal_007_0.pdf, page
 19>
Package pdftex.def Info: Designreport_Thiruvananthapuram_Thiruvananthapuram_The
rmal_007_0.pdf , page19 used on input line 11.
(pdftex.def)             Requested size: 562.12285pt x 795.00201pt.
File: Designreport_Thiruvananthapuram_Thiruvananthapuram_Thermal_007_0.pdf Grap
hic file (type pdf)
<use Designreport_Thiruvananthapuram_Thiruvananthapuram_Thermal_007_0.pdf, page
 19>
Package pdftex.def Info: Designreport_Thiruvananthapuram_Thiruvananthapuram_The
rmal_007_0.pdf , page19 used on input line 11.
(pdftex.def)             Requested size: 562.12285pt x 795.00201pt.
File: Designreport_Thiruvananthapuram_Thiruvananthapuram_Thermal_007_0.pdf Grap
hic file (type pdf)
<use Designreport_Thiruvananthapuram_Thiruvananthapuram_Thermal_007_0.pdf, page
 19>
Package pdftex.def Info: Designreport_Thiruvananthapuram_Thiruvananthapuram_The
rmal_007_0.pdf , page19 used on input line 11.
(pdftex.def)             Requested size: 562.12285pt x 795.00201pt.
 [19 <./Designreport_Thiruvananthapuram_Thiruvananthapuram_Thermal_007_0.pdf>]
<Designreport_Thiruvananthapuram_Thiruvananthapuram_Thermal_007_0.pdf, id=477, 
page=20, 597.50829pt x 845.0471pt>
File: Designreport_Thiruvananthapuram_Thiruvananthapuram_Thermal_007_0.pdf Grap
hic file (type pdf)
<use Designreport_Thiruvananthapuram_Thiruvananthapuram_Thermal_007_0.pdf, page
 20>
Package pdftex.def Info: Designreport_Thiruvananthapuram_Thiruvananthapuram_The
rmal_007_0.pdf , page20 used on input line 11.
(pdftex.def)             Requested size: 562.12285pt x 795.00201pt.
File: Designreport_Thiruvananthapuram_Thiruvananthapuram_Thermal_007_0.pdf Grap
hic file (type pdf)
<use Designreport_Thiruvananthapuram_Thiruvananthapuram_Thermal_007_0.pdf, page
 20>
Package pdftex.def Info: Designreport_Thiruvananthapuram_Thiruvananthapuram_The
rmal_007_0.pdf , page20 used on input line 11.
(pdftex.def)             Requested size: 562.12285pt x 795.00201pt.
File: Designreport_Thiruvananthapuram_Thiruvananthapuram_Thermal_007_0.pdf Grap
hic file (type pdf)
<use Designreport_Thiruvananthapuram_Thiruvananthapuram_Thermal_007_0.pdf, page
 20>
Package pdftex.def Info: Designreport_Thiruvananthapuram_Thiruvananthapuram_The
rmal_007_0.pdf , page20 used on input line 11.
(pdftex.def)             Requested size: 562.12285pt x 795.00201pt.
 [20 <./Designreport_Thiruvananthapuram_Thiruvananthapuram_Thermal_007_0.pdf>]
<Designreport_Thiruvananthapuram_Thiruvananthapuram_Thermal_007_0.pdf, id=482, 
page=21, 597.50829pt x 845.0471pt>
File: Designreport_Thiruvananthapuram_Thiruvananthapuram_Thermal_007_0.pdf Grap
hic file (type pdf)
<use Designreport_Thiruvananthapuram_Thiruvananthapuram_Thermal_007_0.pdf, page
 21>
Package pdftex.def Info: Designreport_Thiruvananthapuram_Thiruvananthapuram_The
rmal_007_0.pdf , page21 used on input line 11.
(pdftex.def)             Requested size: 562.12285pt x 795.00201pt.
File: Designreport_Thiruvananthapuram_Thiruvananthapuram_Thermal_007_0.pdf Grap
hic file (type pdf)
<use Designreport_Thiruvananthapuram_Thiruvananthapuram_Thermal_007_0.pdf, page
 21>
Package pdftex.def Info: Designreport_Thiruvananthapuram_Thiruvananthapuram_The
rmal_007_0.pdf , page21 used on input line 11.
(pdftex.def)             Requested size: 562.12285pt x 795.00201pt.
File: Designreport_Thiruvananthapuram_Thiruvananthapuram_Thermal_007_0.pdf Grap
hic file (type pdf)
<use Designreport_Thiruvananthapuram_Thiruvananthapuram_Thermal_007_0.pdf, page
 21>
Package pdftex.def Info: Designreport_Thiruvananthapuram_Thiruvananthapuram_The
rmal_007_0.pdf , page21 used on input line 11.
(pdftex.def)             Requested size: 562.12285pt x 795.00201pt.
 [21 <./Designreport_Thiruvananthapuram_Thiruvananthapuram_Thermal_007_0.pdf>]
Package atveryend Info: Empty hook `BeforeClearDocument' on input line 13.
Package atveryend Info: Executing hook `AfterLastShipout' on input line 13.
 (./Untitled.xwm) (./Untitled.aux)
Package atveryend Info: Executing hook `AtVeryEndDocument' on input line 13.
Package atveryend Info: Executing hook `AtEndAfterFileList' on input line 13.
Package rerunfilecheck Info: File `Untitled.out' has not changed.
(rerunfilecheck)             Checksum: D41D8CD98F00B204E9800998ECF8427E;0.
Package atveryend Info: Empty hook `AtVeryVeryEnd' on input line 13.
 ) 
Here is how much of TeX's memory you used:
 20393 strings out of 492616
 376012 string characters out of 6129481
 555790 words of memory out of 5000000
 24179 multiletter control sequences out of 15000+600000
 534269 words of font info for 26 fonts, out of 8000000 for 9000
 1141 hyphenation exceptions out of 8191
 69i,18n,73p,227b,893s stack positions out of 5000i,500n,10000p,200000b,80000s
{/usr/local/texlive/2019/texmf-dist/fonts/enc/dvips/base/8r.enc}</usr/local/t
exlive/2019/texmf-dist/fonts/type1/bitstrea/charter/bchb8a.pfb></usr/local/texl
ive/2019/texmf-dist/fonts/type1/public/amsfonts/cm/cmbx10.pfb></usr/local/texli
ve/2019/texmf-dist/fonts/type1/public/amsfonts/cm/cmbx12.pfb></usr/local/texliv
e/2019/texmf-dist/fonts/type1/public/amsfonts/cm/cmcsc10.pfb></usr/local/texliv
e/2019/texmf-dist/fonts/type1/public/amsfonts/cm/cmmi12.pfb></usr/local/texlive
/2019/texmf-dist/fonts/type1/public/amsfonts/cm/cmmi8.pfb></usr/local/texlive/2
019/texmf-dist/fonts/type1/public/amsfonts/cm/cmr10.pfb></usr/local/texlive/201
9/texmf-dist/fonts/type1/public/amsfonts/cm/cmr12.pfb></usr/local/texlive/2019/
texmf-dist/fonts/type1/public/amsfonts/cm/cmr7.pfb></usr/local/texlive/2019/tex
mf-dist/fonts/type1/public/amsfonts/cm/cmr8.pfb></usr/local/texlive/2019/texmf-
dist/fonts/type1/public/amsfonts/cm/cmsl12.pfb></usr/local/texlive/2019/texmf-d
ist/fonts/type1/public/amsfonts/cm/cmsy10.pfb></usr/local/texlive/2019/texmf-di
st/fonts/type1/public/amsfonts/cm/cmsy8.pfb></usr/local/texlive/2019/texmf-dist
/fonts/type1/public/amsfonts/cm/cmti12.pfb>
Output written on Untitled.pdf (21 pages, 1065864 bytes).
PDF statistics:
 514 PDF objects out of 1000 (max. 8388607)
 217 compressed objects within 3 object streams
 22 named destinations out of 1000 (max. 500000)
 121 words of extra memory for PDF output out of 10000 (max. 10000000)

